This is LuaTeX, Version 1.17.1 (MiKTeX 23.12) (format=dvilualatex 2024.8.13)  15 SEP 2024 16:39
 restricted system commands enabled.
**c:/Users/Roland/Documents/UNAD_MEXICO_Matematicas_2022/Semestre_2024_1/ZZZ_Wo
rd_y_PT/Tesis_ProyII_UNADM/capitulos/Cap3-Marco-Teorico.tex

(c:/Users/Roland/Documents/UNAD_MEXICO_Matematicas_2022/Semestre_2024_1/ZZZ_Wor
d_y_PT/Tesis_ProyII_UNADM/capitulos/Cap3-Marco-Teorico.tex
LaTeX2e <2024-06-01> patch level 2
L3 programming layer <2024-05-27>
Lua module: luaotfload 2024-02-14 3.28 Lua based OpenType font support
Lua module: lualibs 2023-07-13 2.76 ConTeXt Lua standard libraries.
Lua module: lualibs-extended 2023-07-13 2.76 ConTeXt Lua libraries -- extended c
ollection.
luaotfload | conf : Root cache directory is "C:/Users/Roland/AppData/Local/MiKTe
X/luatex-cache/generic/names".
luaotfload | init : Loading fontloader "fontloader-2023-12-28.lua" from kpse-res
olved path "C:/Users/Roland/AppData/Local/Programs/MiKTeX1/tex/luatex/luaotfload
/fontloader-2023-12-28.lua".
Lua-only attribute luaotfload@noligature = 1
luaotfload | init : Context OpenType loader version 3.134
Inserting `luaotfload.node_processor' in `pre_linebreak_filter'.
Inserting `luaotfload.node_processor' in `hpack_filter'.
Inserting `luaotfload.glyph_stream' in `glyph_stream_provider'.
Inserting `luaotfload.define_font' in `define_font'.
Lua-only attribute luaotfload_color_attribute = 2
luaotfload | conf : Root cache directory is "C:/Users/Roland/AppData/Local/MiKTe
X/luatex-cache/generic/names".
Lua-only attribute luaotfload.letterspace_done = 3
Inserting `luaotfload.aux.set_sscale_dimens' in `luaotfload.patch_font'.
Inserting `luaotfload.aux.set_font_index' in `luaotfload.patch_font'.
Inserting `luaotfload.aux.patch_cambria_domh' in `luaotfload.patch_font'.
Inserting `luaotfload.aux.fixup_fontdata' in `luaotfload.patch_font_unsafe'.
Inserting `luaotfload.aux.set_capheight' in `luaotfload.patch_font'.
Inserting `luaotfload.aux.set_xheight' in `luaotfload.patch_font'.
Inserting `luaotfload.rewrite_fontname' in `luaotfload.patch_font'.
Inserting `tracingstacklevels' in `input_level_string'.
! Undefined control sequence.
l.1 \chapter
          {Marco Teórico}\label{cap3:Marco-Teorico}

Here is how much of LuaTeX's memory you used:
 18 strings out of 475910
 100000,1977958 words of node,token memory allocated
 301 words of node memory still in use:
   1 hlist, 1 dir, 3 kern, 1 glyph, 1 attribute, 39 glue_spec, 1 attribute_list 
nodes
   avail lists: 2:10,3:3,4:1
 22763 multiletter control sequences out of 65536+600000
 14 fonts using 591679 bytes
 12i,0n,13p,188b,15s stack positions out of 10000i,1000n,20000p,200000b,200000s
!  ==> Fatal error occurred, bad output DVI file produced!
No pages of output.

